{
  "RSpec": {
    "coverage": {
      "/Users/daniwilson/danis_projects/ReverieRealm/config/environment.rb": {
        "lines": [
          null,
          1,
          null,
          null,
          1
        ]
      },
      "/Users/daniwilson/danis_projects/ReverieRealm/config/application.rb": {
        "lines": [
          1,
          null,
          1,
          null,
          null,
          null,
          1,
          null,
          1,
          1,
          null,
          1,
          null,
          null,
          null,
          null,
          null,
          null,
          null,
          null,
          null,
          null
        ]
      },
      "/Users/daniwilson/danis_projects/ReverieRealm/config/boot.rb": {
        "lines": [
          1,
          null,
          1,
          1
        ]
      },
      "/Users/daniwilson/danis_projects/ReverieRealm/config/environments/test.rb": {
        "lines": [
          1,
          null,
          null,
          null,
          null,
          null,
          null,
          1,
          null,
          null,
          null,
          1,
          null,
          null,
          null,
          null,
          1,
          null,
          null,
          1,
          1,
          null,
          null,
          null,
          null,
          1,
          1,
          1,
          null,
          null,
          1,
          null,
          null,
          1,
          null,
          null,
          1,
          null,
          1,
          null,
          null,
          null,
          null,
          1,
          null,
          null,
          1,
          null,
          null,
          1,
          null,
          null,
          1,
          null,
          null,
          null,
          null,
          null,
          null,
          null
        ]
      },
      "/Users/daniwilson/danis_projects/ReverieRealm/config/initializers/assets.rb": {
        "lines": [
          null,
          null,
          null,
          1,
          null,
          null,
          null,
          null,
          null,
          null,
          null,
          null
        ]
      },
      "/Users/daniwilson/danis_projects/ReverieRealm/config/initializers/content_security_policy.rb": {
        "lines": [
          null,
          null,
          null,
          null,
          null,
          null,
          null,
          null,
          null,
          null,
          null,
          null,
          null,
          null,
          null,
          null,
          null,
          null,
          null,
          null,
          null,
          null,
          null,
          null,
          null
        ]
      },
      "/Users/daniwilson/danis_projects/ReverieRealm/config/initializers/filter_parameter_logging.rb": {
        "lines": [
          null,
          null,
          null,
          null,
          null,
          1,
          null,
          null
        ]
      },
      "/Users/daniwilson/danis_projects/ReverieRealm/config/initializers/inflections.rb": {
        "lines": [
          null,
          null,
          null,
          null,
          null,
          null,
          null,
          null,
          null,
          null,
          null,
          null,
          null,
          null,
          null,
          null
        ]
      },
      "/Users/daniwilson/danis_projects/ReverieRealm/config/initializers/permissions_policy.rb": {
        "lines": [
          null,
          null,
          null,
          null,
          null,
          null,
          null,
          null,
          null,
          null,
          null
        ]
      },
      "/Users/daniwilson/danis_projects/ReverieRealm/config/routes.rb": {
        "lines": [
          1,
          1,
          null,
          1,
          null
        ]
      },
      "/Users/daniwilson/danis_projects/ReverieRealm/app/helpers/application_helper.rb": {
        "lines": [
          1,
          null
        ]
      },
      "/Users/daniwilson/danis_projects/ReverieRealm/spec/models/dream_spec.rb": {
        "lines": [
          1,
          null,
          1,
          1,
          2,
          2,
          2,
          2,
          2,
          2,
          2,
          null,
          null,
          1,
          2,
          null,
          null
        ]
      },
      "/Users/daniwilson/danis_projects/ReverieRealm/app/models/dream.rb": {
        "lines": [
          1,
          1,
          1,
          1,
          1,
          1,
          1,
          1,
          null,
          1,
          null
        ]
      },
      "/Users/daniwilson/danis_projects/ReverieRealm/app/models/application_record.rb": {
        "lines": [
          1,
          1,
          null
        ]
      },
      "/Users/daniwilson/danis_projects/ReverieRealm/spec/models/interpretation_spec.rb": {
        "lines": [
          1,
          null,
          1,
          1,
          2,
          2,
          null,
          null,
          1,
          2,
          null,
          null
        ]
      },
      "/Users/daniwilson/danis_projects/ReverieRealm/app/models/interpretation.rb": {
        "lines": [
          1,
          1,
          1,
          null,
          1,
          null
        ]
      },
      "/Users/daniwilson/danis_projects/ReverieRealm/spec/models/user_spec.rb": {
        "lines": [
          1,
          null,
          1,
          1,
          2,
          2,
          null,
          null,
          1,
          2,
          null,
          null
        ]
      },
      "/Users/daniwilson/danis_projects/ReverieRealm/app/models/user.rb": {
        "lines": [
          1,
          1,
          null,
          1,
          1,
          1,
          1,
          null,
          1,
          null
        ]
      },
      "/Users/daniwilson/danis_projects/ReverieRealm/app/controllers/landing_controller.rb": {
        "lines": [
          1,
          1,
          null,
          null
        ]
      },
      "/Users/daniwilson/danis_projects/ReverieRealm/app/controllers/application_controller.rb": {
        "lines": [
          1,
          1,
          null,
          1,
          1,
          null,
          null
        ]
      },
      "/Users/daniwilson/danis_projects/ReverieRealm/app/controllers/users_controller.rb": {
        "lines": [
          1,
          1,
          1,
          null,
          null,
          1,
          4,
          null,
          null,
          1,
          2,
          2,
          1,
          1,
          1,
          null,
          1,
          1,
          null,
          null,
          null,
          null,
          null,
          1,
          null,
          1,
          2,
          null
        ]
      }
    },
    "timestamp": 1701382233
  }
}
